=== 硬门禁检查 (迭代 4) ===
时间: 2026-04-29 01:11:27

--- 构建 ---
命令: go build ./...

结果: 通过

--- Lint ---
命令: go vet ./...

结果: 通过

--- 测试 ---
命令: go test ./... -v
?   	github.com/smallnest/doubletake/client	[no test files]
=== RUN   TestRun_ValidRoleJudge
--- PASS: TestRun_ValidRoleJudge (0.00s)
=== RUN   TestRun_ValidRolePlayer
--- PASS: TestRun_ValidRolePlayer (0.00s)
=== RUN   TestRun_CustomPort
--- PASS: TestRun_CustomPort (0.00s)
=== RUN   TestRun_DefaultPort
--- PASS: TestRun_DefaultPort (0.00s)
=== RUN   TestRun_InvalidRole
--- PASS: TestRun_InvalidRole (0.00s)
=== RUN   TestRun_NoArgs
--- PASS: TestRun_NoArgs (0.00s)
=== RUN   TestRun_HelpFlag
--- PASS: TestRun_HelpFlag (0.00s)
=== RUN   TestRun_ShortHelpFlag
--- PASS: TestRun_ShortHelpFlag (0.00s)
=== RUN   TestRun_MissingRoleValue
--- PASS: TestRun_MissingRoleValue (0.00s)
=== RUN   TestRun_MissingPortValue
--- PASS: TestRun_MissingPortValue (0.00s)
=== RUN   TestRun_InvalidPort
--- PASS: TestRun_InvalidPort (0.00s)
=== RUN   TestRun_UnknownOption
--- PASS: TestRun_UnknownOption (0.00s)
PASS
ok  	github.com/smallnest/doubletake/cmd/doubletake	(cached)
=== RUN   TestEncode
=== RUN   TestEncode/with_payload
=== RUN   TestEncode/empty_payload
--- PASS: TestEncode (0.00s)
    --- PASS: TestEncode/with_payload (0.00s)
    --- PASS: TestEncode/empty_payload (0.00s)
=== RUN   TestDecode
=== RUN   TestDecode/valid_message
=== RUN   TestDecode/pipe_in_payload
=== RUN   TestDecode/empty_payload
=== RUN   TestDecode/empty_string
=== RUN   TestDecode/newline_only
=== RUN   TestDecode/no_separator
--- PASS: TestDecode (0.00s)
    --- PASS: TestDecode/valid_message (0.00s)
    --- PASS: TestDecode/pipe_in_payload (0.00s)
    --- PASS: TestDecode/empty_payload (0.00s)
    --- PASS: TestDecode/empty_string (0.00s)
    --- PASS: TestDecode/newline_only (0.00s)
    --- PASS: TestDecode/no_separator (0.00s)
PASS
ok  	github.com/smallnest/doubletake/game	(cached)
?   	github.com/smallnest/doubletake/server	[no test files]
结果: 通过

=== 汇总 ===
状态: 全部通过
