Now I have a complete understanding of the codebase. Let me analyze the issue and create the subtask breakdown.

## Issue #14 分析

**核心需求**: 投票出现平票时，触发 PK 机制 — 平票玩家再次描述，所有存活玩家对平票玩家投票，循环直到分出唯一最高票。

**现有基础**:
- `game/vote.go`: `VoteRound.FindEliminated()` 已能检测平票（返回 `tie=true`）
- `game/protocol.go`: 已有 `MsgPKStart = "PK_START"` 和 `MsgPKVote = "PK_VOTE"` 常量
- `cmd/doubletake/judge.go`: `votingPhase` 平票时不做任何处理（`eliminated` 为空串）

**子任务拆分**:

```json
{
  "issueNumber": 14,
  "subtasks": [
    {
      "id": "T-001",
      "title": "实现 PK 投票轮次数据结构和投票约束逻辑",
      "description": "在 game/pk.go 中实现 PK 投票轮次管理。核心是 PKVoteRound 结构体，基于现有 VoteRound 扩展：1) NewPKVoteRound 接受 tiedPlayers（平票玩家列表）作为投票候选人约束；2) RecordPKVote 校验投票目标必须在 tiedPlayers 中（非仅 alivePlayers）；3) FindEliminated 复用现有逻辑检测是否仍有平票；4) PK 每轮仅 tiedPlayers 再描述，所有 alivePlayers 投票但只能投 tiedPlayers 之一。",
      "acceptanceCriteria": [
        "PKVoteRound 结构体正确管理 PK 投票状态，Voters 为所有存活玩家，Candidates 为平票玩家",
        "RecordPKVote 拒绝投非平票玩家的票，返回 ErrVoteNotCandidate 错误",
        "RecordPKVote 正确校验投票者顺序、不能投自己等现有规则",
        "FindEliminated 正确检测 PK 轮次平票",
        "单元测试覆盖：正常 PK 投票流程、投非候选玩家拒绝、平票检测、边界情况",
        "编译通过，go vet 无警告"
      ],
      "priority": 1,
      "type": "code"
    },
    {
      "id": "T-002",
      "title": "实现 PK 描述轮次数据结构",
      "description": "在 game/pk.go（或复用 game/game.go）中实现 PK 描述轮次管理。PKDescRound 与 DescRound 类似但 SpeakerOrder 仅包含平票玩家。NewPKDescRound(tiedPlayers) 创建仅平票玩家发言的描述轮次，RecordDesc/CurrentSpeaker/AllDone 复用 DescRound 的逻辑。PK 描述轮次不需要新的消息类型，可复用现有的 DESC 和 TURN 消息格式。",
      "acceptanceCriteria": [
        "PKDescRound 仅允许平票玩家描述，SpeakerOrder 为 tiedPlayers 列表",
        "RecordDesc 正确校验空描述和非当前发言者",
        "AllDone 在所有平票玩家描述完成后返回 true",
        "单元测试覆盖正常流程和边界情况",
        "编译通过，go vet 无警告"
      ],
      "priority": 2,
      "type": "code"
    },
    {
      "id": "T-003",
      "title": "在 judge.go 中集成 PK 流程，投票平票后触发多轮 PK",
      "description": "修改 cmd/doubletake/judge.go 的 votingPhase 函数：当 FindEliminated 返回 tie=true 时，进入 PK 模式。实现 pkPhase 函数，流程为：1) 广播 PK_START|tiedPlayerList；2) 仅平票玩家描述（复用 descriptionPhase 模式但限定发言者）；3) 所有存活玩家对平票玩家投票（复用 votingPhase 模式但限定候选者）；4) 统计结果广播；5) 若仍平票则循环 2-4，直到分出唯一最高票。PK 完成后标记出局者。",
      "acceptanceCriteria": [
        "votingPhase 检测到平票后调用 pkPhase 进入 PK 流程",
        "pkPhase 广播 PK_START|playerA,playerB 格式消息",
        "PK 描述阶段仅平票玩家发言，其他玩家收到 DESC 广播但不参与发言",
        "PK 投票阶段所有存活玩家投票但只能投平票玩家之一",
        "PK 每轮广播描述内容（DESC）和投票结果（RESULT）",
        "多轮 PK 循环直到分出唯一最高票",
        "PK 完成后正确标记出局者",
        "编译通过，go vet 无警告"
      ],
      "priority": 3,
      "type": "code"
    },
    {
      "id": "T-004",
      "title": "玩家端处理 PK_START 和 PK_VOTE 消息",
      "description": "修改 cmd/doubletake/player.go，处理 PK 相关消息：1) 收到 PK_START 时显示进入 PK 模式和参与 PK 的玩家列表；2) PK 描述阶段复用现有 DESC/TURN 处理逻辑（平票玩家收到 TURN 提示输入描述，其他玩家显示等待）；3) PK 投票阶段复用现有 VOTE/TURN 处理逻辑但提示只能投平票玩家；4) 收到 PK_VOTE 时显示可投票的候选玩家列表。",
      "acceptanceCriteria": [
        "玩家收到 PK_START 时正确显示 PK 模式信息和参与玩家列表",
        "平票玩家在 PK 描述阶段收到 TURN 时能正常输入描述",
        "非平票玩家在 PK 描述阶段显示等待提示",
        "所有存活玩家在 PK 投票阶段能正常输入投票目标",
        "客户端校验投票目标必须在平票玩家列表中",
        "编译通过，go vet 无警告"
      ],
      "priority": 4,
      "type": "code"
    },
    {
      "id": "T-005",
      "title": "编写 PK 机制端到端集成测试",
      "description": "在 cmd/doubletake/judge_test.go 中编写 PK 机制的集成测试：1) 模拟投票平票场景，验证触发 PK 流程；2) 验证 PK_START 消息广播；3) 验证 PK 描述和投票消息序列；4) 验证多轮 PK 循环；5) 验证最终出局者标记正确。",
      "acceptanceCriteria": [
        "测试覆盖单轮 PK 分出胜负的场景",
        "测试覆盖多轮 PK（连续平票后分出胜负）的场景",
        "测试覆盖 PK 中投票校验错误的场景",
        "所有测试通过，go test ./... 无失败",
        "编译通过，go vet 无警告"
      ],
      "priority": 5,
      "type": "code"
    }
  ]
}
```
