现在我有了完整的上下文来规划子任务。以下是我的分析：

## Issue #5 子任务拆分分析

**Issue 核心目标**：实现 TCP 客户端基础功能 — 连接服务端、发送消息、接收消息并分发处理。

**关键观察**：
1. `game` 包已提供 `Message` 结构体和 `Encode`/`Decode` 函数（线路格式 `TYPE|payload\n`）
2. `server` 包已完整实现，可作为客户端的参考和测试伙伴
3. `client/` 目录存在但为空（仅有 `package client` 声明）
4. Issue 要求的组件清晰：Client 结构体、Connect、Send、接收 goroutine + channel、Disconnect

**拆分策略**：Issue 规模中等，拆分为 3 个子任务：
1. **T-001**：Client 结构体定义 + Connect/Disconnect（连接生命周期）
2. **T-002**：Send 发送 + 接收 goroutine + channel 分发（消息收发核心）
3. **T-003**：单元测试（集成测试，启动真实 server 验证客户端行为）

```json
{
  "issueNumber": 5,
  "subtasks": [
    {
      "id": "T-001",
      "title": "定义 Client 结构体并实现 Connect/Disconnect 连接生命周期",
      "description": "在 client/client.go 中定义 Client 结构体，包含 net.Conn、done channel、sync.Once 等字段。实现 NewClient() 构造函数、Connect(addr string) error 建立 TCP 连接（连接失败返回明确错误"无法连接到服务端"）、Disconnect() 关闭连接（幂等，使用 sync.Once 防止重复关闭）。",
      "acceptanceCriteria": [
        "Client 结构体包含 conn net.Conn、done chan struct{}、stopOnce sync.Once 字段",
        "NewClient() 返回 *Client 实例",
        "Connect(addr string) error 成功建立 TCP 连接，失败时返回包含'无法连接到服务端'的错误",
        "Disconnect() 关闭连接且幂等（多次调用不 panic）",
        "代码编译通过，go vet 无错误"
      ],
      "priority": 1,
      "type": "code",
      "passes": false
    },
    {
      "id": "T-002",
      "title": "实现 Send 发送消息和接收 goroutine 的消息分发",
      "description": "实现 Send(msg game.Message) error 方法，使用 game.Encode 编码后写入连接。在 Connect 成功后启动独立 goroutine，使用 bufio.Scanner 按行读取服务端消息，通过 game.Decode 解码后发送到 Message channel。服务端关闭时检测 EOF 并优雅退出 goroutine。暴露 Messages channel 供外部消费消息。",
      "acceptanceCriteria": [
        "Send(msg Message) error 使用 game.Encode 编码消息并通过连接发送",
        "Connect 成功后自动启动接收 goroutine",
        "接收 goroutine 使用 bufio.Scanner 按行读取并 game.Decode 解码",
        "解码后的 Message 通过 Client.Messages channel 传递给调用方",
        "服务端关闭时接收 goroutine 检测到 EOF 并优雅退出",
        "Disconnect() 关闭 done channel 通知接收 goroutine 退出",
        "代码编译通过，go vet 无错误"
      ],
      "priority": 2,
      "type": "code",
      "passes": false
    },
    {
      "id": "T-003",
      "title": "编写客户端单元测试，使用真实 TCP Server 验证完整行为",
      "description": "在 client/client_test.go 中编写测试：测试 Connect 成功和失败场景、Send 发送消息后服务端能正确接收、服务端发送消息后客户端通过 Messages channel 收到、Disconnect 后客户端优雅退出、服务端关闭时客户端检测 EOF 并退出。使用项目已有的 server.NewServer 启动真实 TCP 服务端进行集成测试。",
      "acceptanceCriteria": [
        "TestConnect_Success 验证成功连接到服务端",
        "TestConnect_Failure 验证连接失败返回明确错误信息",
        "TestSend 验证客户端发送消息后服务端能收到正确内容",
        "TestReceive 验证服务端广播消息后客户端通过 Messages channel 收到",
        "TestDisconnect 验证 Disconnect 后连接关闭且可安全多次调用",
        "TestServerShutdown 验证服务端关闭后客户端检测 EOF 并优雅退出",
        "go test ./client/ 全部通过"
      ],
      "priority": 3,
      "type": "code",
      "passes": false
    }
  ]
}
```
