Now I have a thorough understanding of the codebase. Let me analyze the issue and create the subtask breakdown.

**Key observations:**
- `game/network.go` already has `GetLocalIP()` for non-loopback IPv4
- `game/base62.go` has `EncodeRoomCode`/`DecodeRoomCode` for IP:port encoding
- Server creates room in `cmd/doubletake/judge.go:RunJudge` → `server.NewServer` → `srv.Start()`
- Player connects in `cmd/doubletake/player.go:RunPlayer` using room code → decode → connect
- The hash mechanism needs to work alongside or replace the existing room code flow

**Design analysis:**
Since SHA256 is one-way, the hash cannot directly encode connection info. The practical approach is:
1. Judge generates hash (SHA256 of IP+port+random), stores the mapping server-side
2. Player inputs the hash (no need for IP/port separately)
3. Player sends hash in JOIN message for server-side verification
4. The judge server acts as the registry, so the hash alone is sufficient for connection

Here's the subtask breakdown:

```json
{
  "issueNumber": 32,
  "subtasks": [
    {
      "id": "T-001",
      "title": "在 game 包中实现房间哈希生成函数 GenerateRoomHash",
      "description": "在 game/ 包中新增哈希生成逻辑。函数签名: GenerateRoomHash(ip string, port string) (hash string, randomHex string, err error)。实现步骤: 1) 使用 crypto/rand 生成 16 字节随机数; 2) 拼接 ip+port+randomHex 作为 SHA256 输入; 3) 计算 SHA256 哈希并转为十六进制字符串返回。注意: ip 参数应为实际可用的外部 IP(非 0.0.0.0)，可结合已有的 GetLocalIP() 获取。",
      "acceptanceCriteria": [
        "GenerateRoomHash 函数使用 crypto/rand 生成加密安全随机数",
        "哈希算法为 SHA256(ip + port + randomHex)",
        "返回的哈希为可读的十六进制字符串",
        "相同输入产生不同哈希（因随机数不同）",
        "单元测试覆盖正常路径和边界情况"
      ],
      "priority": 1,
      "type": "code",
      "passes": false
    },
    {
      "id": "T-002",
      "title": "在 Server 结构体中支持房间哈希的存储和验证",
      "description": "修改 server/server.go，为 Server 结构体添加 roomHash 字段(string 类型)，在 NewServer 中初始化为空字符串。新增 SetRoomHash(hash string) 方法设置房间哈希，新增 VerifyRoomHash(hash string) bool 方法验证哈希是否匹配。这些方法需要并发安全（使用已有的 sync.Mutex）。房间哈希在 judge 创建房间后通过 SetRoomHash 设置。",
      "acceptanceCriteria": [
        "Server 结构体新增 roomHash 字段",
        "SetRoomHash 方法可设置房间哈希",
        "VerifyRoomHash 方法正确验证哈希匹配（返回 true）和不匹配（返回 false）",
        "空哈希验证返回 false",
        "并发安全",
        "单元测试覆盖设置、验证、空值等场景"
      ],
      "priority": 2,
      "type": "code",
      "passes": false
    },
    {
      "id": "T-003",
      "title": "裁判端创建房间时生成并显示哈希密码",
      "description": "修改 cmd/doubletake/judge.go 的 RunJudge 函数。在 srv.Start() 之后、waitingPhase 之前: 1) 调用 game.GetLocalIP() 获取可用的外部 IP; 2) 调用 game.GenerateRoomHash(ip, port) 生成哈希; 3) 调用 srv.SetRoomHash(hash) 存储哈希; 4) 通过 disp 输出哈希信息，格式参考: '房间已创建！连接密码: <hash>\\n请告知玩家此密码以连接到房间'。需要处理 GetLocalIP 失败的情况（回退到 hostname 解析或给出明确错误）。",
      "acceptanceCriteria": [
        "房间创建后自动调用 GenerateRoomHash 生成哈希",
        "使用 GetLocalIP() 获取非回环的外部 IP 地址",
        "哈希通过 Display 输出到命令行，格式清晰可读",
        "哈希通过 srv.SetRoomHash 存储供后续验证",
        "GetLocalIP 失败时有合理的错误处理",
        "集成测试验证房间创建后输出包含哈希信息"
      ],
      "priority": 3,
      "type": "code",
      "passes": false
    },
    {
      "id": "T-004",
      "title": "玩家端支持通过哈希密码连接房间",
      "description": "修改 cmd/doubletake/player.go 的 RunPlayer 函数，将当前的房间码输入流程改为哈希密码输入流程: 1) 提示用户输入连接密码（而非 room code）; 2) 将哈希作为 JOIN 消息的一部分发送给服务端（修改 payload 格式为 hash|playerName 或使用新的消息字段）; 3) 移除对 game.DecodeRoomCode 的依赖（不再需要用户输入 IP:port）。同时需要确认客户端连接地址的获取方式——由于哈希不可逆，需要通过其他方式获取服务端地址（如通过外部传入或发现机制），或修改连接流程使哈希验证在 TCP 连接建立后进行。",
      "acceptanceCriteria": [
        "玩家端提示输入连接密码而非 room code",
        "JOIN 消息携带哈希信息供服务端验证",
        "哈希验证失败时服务端拒绝连接并返回错误消息",
        "玩家端正确处理验证失败的错误消息",
        "单元测试覆盖正常连接和哈希验证失败的场景"
      ],
      "priority": 4,
      "type": "code",
      "passes": false
    },
    {
      "id": "T-005",
      "title": "服务端 JOIN 消息处理增加哈希验证逻辑",
      "description": "修改 server/server.go 的 handleJoin 方法，在处理 JOIN 消息时增加哈希验证。修改消息格式: 客户端发送 JOIN|hash|playerName，服务端解析出 hash 和 playerName 后，调用 VerifyRoomHash(hash) 验证。验证失败时发送 ERROR|连接密码错误 消息并拒绝加入。验证通过后继续原有的名字去重和注册逻辑。需要同步修改 game/protocol.go 的消息格式约定（如果 payload 格式变化）。",
      "acceptanceCriteria": [
        "handleJoin 从 payload 中解析出哈希和玩家名",
        "哈希验证失败时发送 ERROR 消息并拒绝加入",
        "哈希验证通过后继续正常的加入流程",
        "空哈希被视为验证失败",
        "不影响已有的名字去重逻辑",
        "单元测试覆盖哈希验证通过、失败、空哈希等场景"
      ],
      "priority": 5,
      "type": "code",
      "passes": false
    }
  ]
}
```
