现在我明白了。该项目处于设计阶段——尚未实现 Go 源代码。Issue #18 依赖于 Issue #15（这很可能是一个前置 issue），并涵盖了“重新开始”和“退出”机制。接下来我将规划子任务拆分。

根据我的分析：

**Issue #18** 涵盖两个主要方面：
1. **重启机制** — 游戏结束后，提示进行重启，广播 `RESTART`，重新分配角色
2. **退出机制** — 玩家通过 `quit` 退出，裁判通过 `quit`/Ctrl+C 退出，优雅地进行清理

项目是一个基于 TCP 的 Go 游戏，服务器（裁判）处理游戏状态，客户端（玩家）通过文本协议连接。此 issue 的代码涉及 `protocol`、`server`、`room`、`judge command` 和 `player command` 模块。

以下是子任务拆分：

---

## Issue #18 子任务拆分分析

### 依赖关系

- **T-001** (协议定义) → 无依赖，基础层
- **T-002** (玩家退出) → 依赖 T-001 的 QUIT 消息类型
- **T-003** (裁判退出/房间关闭) → 依赖 T-001
- **T-004** (重启流程) → 依赖 T-001 的 RESTART 消息类型，且需要退出机制先就绪（T-002/T-003 中裁判输入 N 时走退出逻辑）

### 拆分理由

Issue 涉及两条独立的工作流：
1. **退出流**：玩家 `quit` / 裁判 `quit` 或 Ctrl+C → 清理连接
2. **重启流**：游戏结束 → 裁判选择 Y → 广播 RESTART → 重新输入词语 → 重新分配角色

协议定义是两者的基础，单独拆出。退出机制分为玩家侧和裁判侧，因为影响范围不同（单个玩家 vs 整个房间）。重启流程作为一个完整子任务，因为它需要协调服务端和客户端。

```json
{
  "issueNumber": 18,
  "subtasks": [
    {
      "id": "T-001",
      "title": "定义 RESTART 和 QUIT 消息协议",
      "description": "在 server/protocol.go 中新增 QUIT 和 RESTART 两种消息类型的常量定义、解析逻辑和构造函数。QUIT 消息由客户端发送给服务端表示玩家主动退出；RESTART 消息由服务端广播给所有玩家表示新一局开始。同时更新消息解析器，支持这两种新类型的序列化与反序列化。",
      "acceptanceCriteria": [
        "protocol.go 中定义 QUIT 和 RESTART 消息类型常量",
        "实现 QUIT 消息的构造函数（无 payload 或携带玩家名）",
        "实现 RESTART 消息的构造函数",
        "消息解析器能正确解析 QUIT|player_name 和 RESTART 格式的消息",
        "go build 和 go vet 通过"
      ],
      "priority": 1,
      "type": "code",
      "passes": false
    },
    {
      "id": "T-002",
      "title": "实现玩家 quit 退出机制",
      "description": "实现玩家端和服务端的 quit 退出流程。玩家端：在任意输入阶段检测 quit 命令，发送 QUIT 消息给服务端并关闭连接。服务端：收到 QUIT 消息后标记该玩家为已离开状态，从活跃玩家列表中移除，广播玩家离开通知给其他玩家。注意区分游戏进行中退出和等待阶段退出的不同处理。",
      "acceptanceCriteria": [
        "玩家端在任意输入阶段输入 quit 后发送 QUIT 消息给服务端",
        "服务端收到 QUIT 后标记该玩家已离开，从游戏中移除",
        "服务端广播玩家离开通知给其他存活玩家",
        "玩家端发送 QUIT 后优雅关闭连接",
        "单个玩家退出不影响其他玩家和游戏继续进行",
        "go build 和 go vet 通过"
      ],
      "priority": 2,
      "type": "code",
      "passes": false
    },
    {
      "id": "T-003",
      "title": "实现裁判退出与房间关闭机制",
      "description": "实现裁判端的退出机制。裁判端输入 quit 或收到 Ctrl+C 信号时，服务端关闭整个房间：广播关闭通知给所有已连接玩家，优雅关闭所有 TCP 连接，释放资源，服务端退出。同时在游戏结束后的提示中选择 N 时也走此退出流程。",
      "acceptanceCriteria": [
        "裁判端输入 quit 后服务端广播关闭通知给所有玩家",
        "裁判端收到 SIGINT (Ctrl+C) 信号时同样优雅关闭整个房间",
        "所有玩家 TCP 连接被优雅关闭",
        "游戏结束后裁判选择 N 时触发房间关闭流程",
        "服务端退出前无 goroutine 泄漏",
        "go build 和 go vet 通过"
      ],
      "priority": 3,
      "type": "code",
      "passes": false
    },
    {
      "id": "T-004",
      "title": "实现再来一局完整流程",
      "description": "实现游戏结束后的再来一局机制。游戏结束后裁判端提示'再来一局？(Y/N)'，输入 Y 时：裁判重新输入两个词语，服务端广播 RESTART 消息给所有存活玩家，重新随机分配角色和词语，玩家端收到 RESTART 后自动等待新词语分配并显示新的词语/白板提示。保留所有存活玩家的 TCP 连接，不需要重新加入。",
      "acceptanceCriteria": [
        "游戏结束后裁判端提示'再来一局？(Y/N)'",
        "输入 Y 后裁判重新输入两个词语（平民词语和卧底词语）",
        "服务端广播 RESTART 消息给所有存活玩家",
        "服务端重新随机分配角色（平民/卧底/白板）并私密发送词语",
        "玩家端收到 RESTART 后自动等待并显示新词语（或白板提示），无需重新连接",
        "输入 N 时走裁判退出流程关闭房间",
        "再来一局时已离开的玩家不参与新局",
        "编译通过，无 lint 错误"
      ],
      "priority": 4,
      "type": "code",
      "passes": false
    }
  ]
}
```
