=== 硬门禁检查 (迭代 1) ===
时间: 2026-04-29 01:20:03

--- 构建 ---
命令: go build ./...

结果: 通过

--- Lint ---
命令: go vet ./...

结果: 通过

--- 测试 ---
命令: go test ./... -v
?   	github.com/smallnest/doubletake/client	[no test files]
=== RUN   TestRun_ValidRoleJudge
--- PASS: TestRun_ValidRoleJudge (0.00s)
=== RUN   TestRun_ValidRolePlayer
--- PASS: TestRun_ValidRolePlayer (0.00s)
=== RUN   TestRun_CustomPort
--- PASS: TestRun_CustomPort (0.00s)
=== RUN   TestRun_DefaultPort
--- PASS: TestRun_DefaultPort (0.00s)
=== RUN   TestRun_InvalidRole
--- PASS: TestRun_InvalidRole (0.00s)
=== RUN   TestRun_NoArgs
--- PASS: TestRun_NoArgs (0.00s)
=== RUN   TestRun_HelpFlag
--- PASS: TestRun_HelpFlag (0.00s)
=== RUN   TestRun_ShortHelpFlag
--- PASS: TestRun_ShortHelpFlag (0.00s)
=== RUN   TestRun_MissingRoleValue
--- PASS: TestRun_MissingRoleValue (0.00s)
=== RUN   TestRun_MissingPortValue
--- PASS: TestRun_MissingPortValue (0.00s)
=== RUN   TestRun_InvalidPort
--- PASS: TestRun_InvalidPort (0.00s)
=== RUN   TestRun_UnknownOption
--- PASS: TestRun_UnknownOption (0.00s)
PASS
ok  	github.com/smallnest/doubletake/cmd/doubletake	(cached)
=== RUN   TestRoomCodeRoundTrip
=== RUN   TestRoomCodeRoundTrip/standard
=== RUN   TestRoomCodeRoundTrip/localhost
=== RUN   TestRoomCodeRoundTrip/broadcast
=== RUN   TestRoomCodeRoundTrip/zeros
=== RUN   TestRoomCodeRoundTrip/min_port
=== RUN   TestRoomCodeRoundTrip/low_IP
--- PASS: TestRoomCodeRoundTrip (0.00s)
    --- PASS: TestRoomCodeRoundTrip/standard (0.00s)
    --- PASS: TestRoomCodeRoundTrip/localhost (0.00s)
    --- PASS: TestRoomCodeRoundTrip/broadcast (0.00s)
    --- PASS: TestRoomCodeRoundTrip/zeros (0.00s)
    --- PASS: TestRoomCodeRoundTrip/min_port (0.00s)
    --- PASS: TestRoomCodeRoundTrip/low_IP (0.00s)
=== RUN   TestEncodeRoomCode_ProducesBase62
--- PASS: TestEncodeRoomCode_ProducesBase62 (0.00s)
=== RUN   TestEncodeRoomCode_InvalidInput
=== RUN   TestEncodeRoomCode_InvalidInput/empty
=== RUN   TestEncodeRoomCode_InvalidInput/no_port
=== RUN   TestEncodeRoomCode_InvalidInput/invalid_IP
=== RUN   TestEncodeRoomCode_InvalidInput/port_out_of_range
=== RUN   TestEncodeRoomCode_InvalidInput/non-numeric_port
--- PASS: TestEncodeRoomCode_InvalidInput (0.00s)
    --- PASS: TestEncodeRoomCode_InvalidInput/empty (0.00s)
    --- PASS: TestEncodeRoomCode_InvalidInput/no_port (0.00s)
    --- PASS: TestEncodeRoomCode_InvalidInput/invalid_IP (0.00s)
    --- PASS: TestEncodeRoomCode_InvalidInput/port_out_of_range (0.00s)
    --- PASS: TestEncodeRoomCode_InvalidInput/non-numeric_port (0.00s)
=== RUN   TestDecodeRoomCode_InvalidInput
=== RUN   TestDecodeRoomCode_InvalidInput/empty
=== RUN   TestDecodeRoomCode_InvalidInput/invalid_char
=== RUN   TestDecodeRoomCode_InvalidInput/special_char
=== RUN   TestDecodeRoomCode_InvalidInput/newline
--- PASS: TestDecodeRoomCode_InvalidInput (0.00s)
    --- PASS: TestDecodeRoomCode_InvalidInput/empty (0.00s)
    --- PASS: TestDecodeRoomCode_InvalidInput/invalid_char (0.00s)
    --- PASS: TestDecodeRoomCode_InvalidInput/special_char (0.00s)
    --- PASS: TestDecodeRoomCode_InvalidInput/newline (0.00s)
=== RUN   TestEncodeRoomCode_ShortOutput
--- PASS: TestEncodeRoomCode_ShortOutput (0.00s)
=== RUN   TestEncode
=== RUN   TestEncode/with_payload
=== RUN   TestEncode/empty_payload
--- PASS: TestEncode (0.00s)
    --- PASS: TestEncode/with_payload (0.00s)
    --- PASS: TestEncode/empty_payload (0.00s)
=== RUN   TestDecode
=== RUN   TestDecode/valid_message
=== RUN   TestDecode/pipe_in_payload
=== RUN   TestDecode/empty_payload
=== RUN   TestDecode/empty_string
=== RUN   TestDecode/newline_only
=== RUN   TestDecode/no_separator
--- PASS: TestDecode (0.00s)
    --- PASS: TestDecode/valid_message (0.00s)
    --- PASS: TestDecode/pipe_in_payload (0.00s)
    --- PASS: TestDecode/empty_payload (0.00s)
    --- PASS: TestDecode/empty_string (0.00s)
    --- PASS: TestDecode/newline_only (0.00s)
    --- PASS: TestDecode/no_separator (0.00s)
PASS
ok  	github.com/smallnest/doubletake/game	(cached)
?   	github.com/smallnest/doubletake/server	[no test files]
结果: 通过

=== 汇总 ===
状态: 全部通过
