=== 硬门禁检查 (迭代 4) ===
时间: 2026-04-29 00:55:39

--- 构建 ---
命令: go build ./...

结果: 通过

--- Lint ---
命令: go vet ./...

结果: 通过

--- 测试 ---
命令: go test ./... -v
?   	github.com/smallnest/doubletake/client	[no test files]
=== RUN   TestRun_ValidRoleJudge
--- PASS: TestRun_ValidRoleJudge (0.00s)
=== RUN   TestRun_ValidRolePlayer
--- PASS: TestRun_ValidRolePlayer (0.00s)
=== RUN   TestRun_CustomPort
--- PASS: TestRun_CustomPort (0.00s)
=== RUN   TestRun_DefaultPort
--- PASS: TestRun_DefaultPort (0.00s)
=== RUN   TestRun_InvalidRole
--- PASS: TestRun_InvalidRole (0.00s)
=== RUN   TestRun_NoArgs
--- PASS: TestRun_NoArgs (0.00s)
=== RUN   TestRun_HelpFlag
--- PASS: TestRun_HelpFlag (0.00s)
=== RUN   TestRun_ShortHelpFlag
--- PASS: TestRun_ShortHelpFlag (0.00s)
=== RUN   TestRun_MissingRoleValue
--- PASS: TestRun_MissingRoleValue (0.00s)
=== RUN   TestRun_MissingPortValue
--- PASS: TestRun_MissingPortValue (0.00s)
=== RUN   TestRun_InvalidPort
--- PASS: TestRun_InvalidPort (0.00s)
=== RUN   TestRun_UnknownOption
--- PASS: TestRun_UnknownOption (0.00s)
PASS
ok  	github.com/smallnest/doubletake/cmd/doubletake	(cached)
?   	github.com/smallnest/doubletake/game	[no test files]
?   	github.com/smallnest/doubletake/server	[no test files]
结果: 通过

=== 汇总 ===
状态: 全部通过
