现在我对代码库有了全面的了解。接下来我将分析 Issue 并规划子任务拆分。

## Issue #7 分析

**核心需求**: 实现裁判模式的交互式配置流程，包括：输入游戏参数、自动获取本机 IP、生成房间密码、显示等待加入提示、启动 TCP 服务端。

**现有基础**:
- `server.Server` 已实现 TCP 监听和连接管理
- `game.EncodeRoomCode` 已实现 IP:port → base62 编码
- `client.Display` 已有伪装输出和 Prompt 交互模式
- `cmd/doubletake/main.go` 已有 CLI 参数解析，但裁判模式只打印信息就退出了

**拆分思路**: 这个 Issue 涉及 3 个相对独立的功能模块：

1. **游戏配置参数交互与校验** — 新建 `cmd/judge.go`，实现参数输入、校验逻辑
2. **本机 IP 获取工具函数** — 在 `game/` 或独立位置实现网络接口遍历获取 IP
3. **整合裁判流程** — 将配置、IP获取、房间密码生成、服务端启动串联，集成到 main.go

```json
{
  "issueNumber": 7,
  "subtasks": [
    {
      "id": "T-001",
      "title": "实现交互式游戏参数输入与校验逻辑",
      "description": "在 cmd/judge.go 中实现 RunJudge 函数的核心交互逻辑：通过 bufio.Scanner 从 stdin 读取用户输入，引导裁判输入玩家人数(4-10)、卧底人数(1-3)、白板人数(0+)。实现参数校验：总人数 4-10 范围、卧底+白板 < 总人数/2（保证平民占多数）、各项合法范围。校验失败时输出具体原因并重新输入，直到参数合法。使用 client.Display 进行伪装格式输出。需要编写单元测试覆盖各种输入组合和边界情况。",
      "acceptanceCriteria": [
        "cmd/judge.go 文件存在，包含 RunJudge 函数",
        "交互式引导输入玩家人数、卧底人数、白板人数",
        "校验总人数范围 4-10，不合法时提示具体原因并重新输入",
        "校验卧底人数范围 1-3，不合法时提示具体原因并重新输入",
        "校验白板人数 >= 0，不合法时提示具体原因并重新输入",
        "校验 卧底+白板 < 总人数/2，不合法时提示具体原因并重新输入",
        "校验失败后能重新输入直到合法",
        "有对应的单元测试覆盖正常输入和各种校验失败场景",
        "编译通过，go vet 无错误"
      ],
      "priority": 1,
      "type": "code",
      "passes": false
    },
    {
      "id": "T-002",
      "title": "实现本机局域网 IP 获取工具函数",
      "description": "在 game 包中新增 GetLocalIP 函数：遍历本机所有网络接口（net.Interfaces），找到第一个状态为 UP 且非 loopback 的接口，取其第一个 IPv4 地址返回。返回格式为纯 IP 字符串（如 \"192.168.1.100\"）。如果获取失败返回空字符串和 error。需要编写单元测试，可使用 mock 或通过检查返回值格式来验证。",
      "acceptanceCriteria": [
        "game 包中新增 GetLocalIP 函数（或在合适位置新增）",
        "函数遍历网络接口，取第一个非 loopback 的 IPv4 地址",
        "过滤掉 link-local 地址（169.254.x.x）",
        "获取失败时返回明确的错误信息",
        "有对应的单元测试",
        "编译通过，go vet 无错误"
      ],
      "priority": 1,
      "type": "code",
      "passes": false
    },
    {
      "id": "T-003",
      "title": "整合裁判完整流程并集成到 main.go",
      "description": "将前面实现的参数输入校验、IP 获取、房间密码编码（已有 game.EncodeRoomCode）、TCP 服务端启动（已有 server.NewServer/Start）串联为完整的裁判配置流程：1) 交互式输入游戏参数 2) 获取本机 IP 3) 将 IP:port 编码为 base62 房间密码 4) 显示房间密码和等待玩家加入提示 5) 启动 TCP 服务端开始监听。修改 main.go 中 role==\"judge\" 的分支，调用 RunJudge(port) 进入裁判流程。使用 client.Display 进行伪装输出。需要编写集成测试验证完整流程。",
      "acceptanceCriteria": [
        "main.go 中 role==\"judge\" 分支调用 RunJudge(port) 进入裁判模式",
        "RunJudge 按顺序完成：参数输入 → 获取IP → 生成房间密码 → 显示密码 → 启动服务端",
        "房间密码使用 game.EncodeRoomCode(ip:port) 生成",
        "显示等待玩家加入的提示信息（伪装为诊断工具输出格式）",
        "服务端使用 server.NewServer(port).Start() 启动",
        "所有输出使用 client.Display 伪装格式",
        "编译通过，go vet 无错误",
        "go test ./... 全部通过"
      ],
      "priority": 2,
      "type": "code",
      "passes": false
    }
  ]
}
```
